Started by user [8mha:////4CP0BqaZuZyAm6AraOJS9jsmBTuWfswQ+PeXejxA38beAAAAmR+LCAAAAAAAAP9b85aBtbiIQTGjNKU4P08vOT+vOD8nVc83PyU1x6OyILUoJzMv2y+/JJUBAhiZGBgqihhk0NSjKDWzXb3RdlLBUSYGJk8GtpzUvPSSDB8G5tKinBIGIZ+sxLJE/ZzEvHT94JKizLx0a6BxUmjGOUNodHsLgAzuEgZe/dLi1CL9zKTEovy8RACMdqKCwgAAAA==[0mIvan Barona
Running as SYSTEM
Building in workspace /var/jenkins_home/workspace/Integration-QA-POW
using credential 80248389-55e5-4642-a577-65d672a61ec5
Cloning the remote Git repository
Cloning repository https://ibarona_alltic@bitbucket.org/ibarona_alltic/robot-demo.git
 > git init /var/jenkins_home/workspace/Integration-QA-POW # timeout=10
Fetching upstream changes from https://ibarona_alltic@bitbucket.org/ibarona_alltic/robot-demo.git
 > git --version # timeout=10
using GIT_ASKPASS to set credentials 
 > git fetch --tags --progress https://ibarona_alltic@bitbucket.org/ibarona_alltic/robot-demo.git +refs/heads/*:refs/remotes/origin/*
 > git config remote.origin.url https://ibarona_alltic@bitbucket.org/ibarona_alltic/robot-demo.git # timeout=10
 > git config --add remote.origin.fetch +refs/heads/*:refs/remotes/origin/* # timeout=10
 > git config remote.origin.url https://ibarona_alltic@bitbucket.org/ibarona_alltic/robot-demo.git # timeout=10
Fetching upstream changes from https://ibarona_alltic@bitbucket.org/ibarona_alltic/robot-demo.git
using GIT_ASKPASS to set credentials 
 > git fetch --tags --progress https://ibarona_alltic@bitbucket.org/ibarona_alltic/robot-demo.git +refs/heads/*:refs/remotes/origin/*
 > git rev-parse refs/remotes/origin/master^{commit} # timeout=10
 > git rev-parse refs/remotes/origin/origin/master^{commit} # timeout=10
Checking out Revision 5f9c8a439f3514e5427171cb76a6d12c2e6a330b (refs/remotes/origin/master)
 > git config core.sparsecheckout # timeout=10
 > git checkout -f 5f9c8a439f3514e5427171cb76a6d12c2e6a330b
Commit message: "commit 20"
First time build. Skipping changelog.
[Integration-QA-POW] $ cmd /c call /tmp/jenkins6029785262282924879.bat
FATAL: command execution failed
java.io.IOException: error=2, No such file or directory
	at java.lang.UNIXProcess.forkAndExec(Native Method)
	at java.lang.UNIXProcess.<init>(UNIXProcess.java:247)
	at java.lang.ProcessImpl.start(ProcessImpl.java:134)
	at java.lang.ProcessBuilder.start(ProcessBuilder.java:1029)
Caused: java.io.IOException: Cannot run program "cmd" (in directory "/var/jenkins_home/workspace/Integration-QA-POW"): error=2, No such file or directory
	at java.lang.ProcessBuilder.start(ProcessBuilder.java:1048)
	at hudson.Proc$LocalProc.<init>(Proc.java:250)
	at hudson.Proc$LocalProc.<init>(Proc.java:219)
	at hudson.Launcher$LocalLauncher.launch(Launcher.java:937)
	at hudson.Launcher$ProcStarter.start(Launcher.java:455)
	at hudson.tasks.CommandInterpreter.perform(CommandInterpreter.java:109)
	at hudson.tasks.CommandInterpreter.perform(CommandInterpreter.java:66)
	at hudson.tasks.BuildStepMonitor$1.perform(BuildStepMonitor.java:20)
	at hudson.model.AbstractBuild$AbstractBuildExecution.perform(AbstractBuild.java:741)
	at hudson.model.Build$BuildExecution.build(Build.java:206)
	at hudson.model.Build$BuildExecution.doRun(Build.java:163)
	at hudson.model.AbstractBuild$AbstractBuildExecution.run(AbstractBuild.java:504)
	at hudson.model.Run.execute(Run.java:1818)
	at hudson.model.FreeStyleBuild.run(FreeStyleBuild.java:43)
	at hudson.model.ResourceController.execute(ResourceController.java:97)
	at hudson.model.Executor.run(Executor.java:429)
Build step 'Execute Windows batch command' marked build as failure
ERROR: Build step failed with exception
java.lang.NullPointerException
	at hudson.plugins.mantis.MantisIssueRegister.createIssue(MantisIssueRegister.java:114)
	at hudson.plugins.mantis.MantisIssueRegister.perform(MantisIssueRegister.java:78)
	at hudson.tasks.BuildStepMonitor$1.perform(BuildStepMonitor.java:20)
	at hudson.model.AbstractBuild$AbstractBuildExecution.perform(AbstractBuild.java:741)
	at hudson.model.AbstractBuild$AbstractBuildExecution.performAllBuildSteps(AbstractBuild.java:690)
	at hudson.model.Build$BuildExecution.post2(Build.java:186)
	at hudson.model.AbstractBuild$AbstractBuildExecution.post(AbstractBuild.java:635)
	at hudson.model.Run.execute(Run.java:1843)
	at hudson.model.FreeStyleBuild.run(FreeStyleBuild.java:43)
	at hudson.model.ResourceController.execute(ResourceController.java:97)
	at hudson.model.Executor.run(Executor.java:429)
Build step 'File a ticket to Mantis' marked build as failure
Robot results publisher started...
-Parsing output xml:
Done!
-Copying log files to build dir:
Done!
-Assigning results to build:
Done!
-Checking thresholds:
Done!
Done publishing Robot results.
Finished: FAILURE
